<?xml version="1.0" encoding="UTF-8"?>
<!-- Generated by org.testng.reporters.JUnitReportReporter -->
<testsuite hostname="Kiran" failures="0" tests="5" name="contact.CreateContactTest" time="152.209" errors="0" timestamp="2024-10-26T13:06:53 IST" skipped="0">
  <testcase classname="contact.CreateContactTest" name="CreatingContactwithAssignedToMarketingGroupTest" time="26.185"/>
  <system-out/>
  <testcase classname="contact.CreateContactTest" name="CreatingContactwithLeadSource" time="42.240"/>
  <system-out/>
  <testcase classname="contact.CreateContactTest" name="CreatingContactwithAssignedToAdministratorTest" time="29.543"/>
  <system-out/>
  <testcase classname="contact.CreateContactTest" name="CreatingContactwithAssignedToSupportGroupTest" time="31.687"/>
  <system-out/>
  <testcase classname="contact.CreateContactTest" name="CreatingContactwithAssignedToTeamSellingGroupTest" time="22.554"/>
  <system-out/>
</testsuite> <!-- contact.CreateContactTest -->
