<?xml version="1.0" encoding="UTF-8"?>
<!-- Generated by org.testng.reporters.JUnitReportReporter -->
<testsuite hostname="Kiran" failures="0" tests="6" name="contact.CreateContactTest" time="4.237" errors="1" timestamp="2023-11-28T12:37:55 IST" skipped="5">
  <testcase classname="contact.CreateContactTest" name="CreatingContactwithAssignedToSupportGroupTest" time="0.000">
    <skipped/>
  </testcase> <!-- CreatingContactwithAssignedToSupportGroupTest -->
  <system-out/>
  <testcase classname="contact.CreateContactTest" name="beforeClassConfiguration" time="4.237">
    <error message="session not created: This version of ChromeDriver only supports Chrome version 102
Current browser version is 119.0.6045.160 with binary path C:\Program Files\Google\Chrome\Application\chrome.exe
Build info: version: &#039;3.141.59&#039;, revision: &#039;e82be7d358&#039;, time: &#039;2018-11-14T08:17:03&#039;
System info: host: &#039;KIRAN&#039;, ip: &#039;192.168.137.1&#039;, os.name: &#039;Windows 10&#039;, os.arch: &#039;amd64&#039;, os.version: &#039;10.0&#039;, java.version: &#039;15.0.2&#039;
Driver info: driver.version: ChromeDriver
remote stacktrace: Backtrace:
	Ordinal0 [0x00DAD953+2414931]
	Ordinal0 [0x00D3F5E1+1963489]
	Ordinal0 [0x00C2C6B8+837304]
	Ordinal0 [0x00C4CAE3+969443]
	Ordinal0 [0x00C486FA+952058]
	Ordinal0 [0x00C45FB1+942001]
	Ordinal0 [0x00C79100+1151232]
	Ordinal0 [0x00C78D5A+1150298]
	Ordinal0 [0x00C742B6+1131190]
	Ordinal0 [0x00C4E860+976992]
	Ordinal0 [0x00C4F756+980822]
	GetHandleVerifier [0x0101CC62+2510274]
	GetHandleVerifier [0x0100F760+2455744]
	GetHandleVerifier [0x00E3EABA+551962]
	GetHandleVerifier [0x00E3D916+547446]
	Ordinal0 [0x00D45F3B+1990459]
	Ordinal0 [0x00D4A898+2009240]
	Ordinal0 [0x00D4A985+2009477]
	Ordinal0 [0x00D53AD1+2046673]
	BaseThreadInitThunk [0x767CFCC9+25]
	RtlGetAppContainerNamedObjectPath [0x77D57C6E+286]
	RtlGetAppContainerNamedObjectPath [0x77D57C3E+238]
" type="org.openqa.selenium.SessionNotCreatedException">
      <![CDATA[org.openqa.selenium.SessionNotCreatedException: session not created: This version of ChromeDriver only supports Chrome version 102
Current browser version is 119.0.6045.160 with binary path C:\Program Files\Google\Chrome\Application\chrome.exe
Build info: version: '3.141.59', revision: 'e82be7d358', time: '2018-11-14T08:17:03'
System info: host: 'KIRAN', ip: '192.168.137.1', os.name: 'Windows 10', os.arch: 'amd64', os.version: '10.0', java.version: '15.0.2'
Driver info: driver.version: ChromeDriver
remote stacktrace: Backtrace:
Ordinal0 [0x00DAD953+2414931]
Ordinal0 [0x00D3F5E1+1963489]
Ordinal0 [0x00C2C6B8+837304]
Ordinal0 [0x00C4CAE3+969443]
Ordinal0 [0x00C486FA+952058]
Ordinal0 [0x00C45FB1+942001]
Ordinal0 [0x00C79100+1151232]
Ordinal0 [0x00C78D5A+1150298]
Ordinal0 [0x00C742B6+1131190]
Ordinal0 [0x00C4E860+976992]
Ordinal0 [0x00C4F756+980822]
GetHandleVerifier [0x0101CC62+2510274]
GetHandleVerifier [0x0100F760+2455744]
GetHandleVerifier [0x00E3EABA+551962]
GetHandleVerifier [0x00E3D916+547446]
Ordinal0 [0x00D45F3B+1990459]
Ordinal0 [0x00D4A898+2009240]
Ordinal0 [0x00D4A985+2009477]
Ordinal0 [0x00D53AD1+2046673]
BaseThreadInitThunk [0x767CFCC9+25]
RtlGetAppContainerNamedObjectPath [0x77D57C6E+286]
RtlGetAppContainerNamedObjectPath [0x77D57C3E+238]

at java.base/jdk.internal.reflect.NativeConstructorAccessorImpl.newInstance0(Native Method)
at java.base/jdk.internal.reflect.NativeConstructorAccessorImpl.newInstance(NativeConstructorAccessorImpl.java:64)
at java.base/jdk.internal.reflect.DelegatingConstructorAccessorImpl.newInstance(DelegatingConstructorAccessorImpl.java:45)
at java.base/java.lang.reflect.Constructor.newInstanceWithCaller(Constructor.java:500)
at java.base/java.lang.reflect.Constructor.newInstance(Constructor.java:481)
at org.openqa.selenium.remote.W3CHandshakeResponse.lambda$errorHandler$0(W3CHandshakeResponse.java:62)
at org.openqa.selenium.remote.HandshakeResponse.lambda$getResponseFunction$0(HandshakeResponse.java:30)
at org.openqa.selenium.remote.ProtocolHandshake.lambda$createSession$0(ProtocolHandshake.java:126)
at java.base/java.util.stream.ReferencePipeline$3$1.accept(ReferencePipeline.java:195)
at java.base/java.util.Spliterators$ArraySpliterator.tryAdvance(Spliterators.java:958)
at java.base/java.util.stream.ReferencePipeline.forEachWithCancel(ReferencePipeline.java:127)
at java.base/java.util.stream.AbstractPipeline.copyIntoWithCancel(AbstractPipeline.java:502)
at java.base/java.util.stream.AbstractPipeline.copyInto(AbstractPipeline.java:488)
at java.base/java.util.stream.AbstractPipeline.wrapAndCopyInto(AbstractPipeline.java:474)
at java.base/java.util.stream.FindOps$FindOp.evaluateSequential(FindOps.java:150)
at java.base/java.util.stream.AbstractPipeline.evaluate(AbstractPipeline.java:234)
at java.base/java.util.stream.ReferencePipeline.findFirst(ReferencePipeline.java:543)
at org.openqa.selenium.remote.ProtocolHandshake.createSession(ProtocolHandshake.java:128)
at org.openqa.selenium.remote.ProtocolHandshake.createSession(ProtocolHandshake.java:74)
at org.openqa.selenium.remote.HttpCommandExecutor.execute(HttpCommandExecutor.java:136)
at org.openqa.selenium.remote.service.DriverCommandExecutor.execute(DriverCommandExecutor.java:83)
at org.openqa.selenium.remote.RemoteWebDriver.execute(RemoteWebDriver.java:552)
at org.openqa.selenium.remote.RemoteWebDriver.startSession(RemoteWebDriver.java:213)
at org.openqa.selenium.remote.RemoteWebDriver.<init>(RemoteWebDriver.java:131)
at org.openqa.selenium.chrome.ChromeDriver.<init>(ChromeDriver.java:181)
at org.openqa.selenium.chrome.ChromeDriver.<init>(ChromeDriver.java:168)
at org.openqa.selenium.chrome.ChromeDriver.<init>(ChromeDriver.java:123)
at com.vtiger.comcast.genericutility.library.BaseClass.beforeClassConfiguration(BaseClass.java:28)
at java.base/jdk.internal.reflect.NativeMethodAccessorImpl.invoke0(Native Method)
at java.base/jdk.internal.reflect.NativeMethodAccessorImpl.invoke(NativeMethodAccessorImpl.java:64)
at java.base/jdk.internal.reflect.DelegatingMethodAccessorImpl.invoke(DelegatingMethodAccessorImpl.java:43)
at java.base/java.lang.reflect.Method.invoke(Method.java:564)
at org.testng.internal.MethodInvocationHelper.invokeMethod(MethodInvocationHelper.java:133)
at org.testng.internal.MethodInvocationHelper.invokeMethodConsideringTimeout(MethodInvocationHelper.java:62)
at org.testng.internal.ConfigInvoker.invokeConfigurationMethod(ConfigInvoker.java:385)
at org.testng.internal.ConfigInvoker.invokeConfigurations(ConfigInvoker.java:321)
at org.testng.internal.TestMethodWorker.invokeBeforeClassMethods(TestMethodWorker.java:176)
at org.testng.internal.TestMethodWorker.run(TestMethodWorker.java:122)
at java.base/java.util.ArrayList.forEach(ArrayList.java:1511)
at org.testng.TestRunner.privateRun(TestRunner.java:794)
at org.testng.TestRunner.run(TestRunner.java:596)
at org.testng.SuiteRunner.runTest(SuiteRunner.java:377)
at org.testng.SuiteRunner.runSequentially(SuiteRunner.java:371)
at org.testng.SuiteRunner.privateRun(SuiteRunner.java:332)
at org.testng.SuiteRunner.run(SuiteRunner.java:276)
at org.testng.SuiteRunnerWorker.runSuite(SuiteRunnerWorker.java:53)
at org.testng.SuiteRunnerWorker.run(SuiteRunnerWorker.java:96)
at org.testng.TestNG.runSuitesSequentially(TestNG.java:1212)
at org.testng.TestNG.runSuitesLocally(TestNG.java:1134)
at org.testng.TestNG.runSuites(TestNG.java:1063)
at org.testng.TestNG.run(TestNG.java:1031)
at org.testng.remote.AbstractRemoteTestNG.run(AbstractRemoteTestNG.java:115)
at org.testng.remote.RemoteTestNG.initAndRun(RemoteTestNG.java:251)
at org.testng.remote.RemoteTestNG.main(RemoteTestNG.java:77)
]]>
    </error>
  </testcase> <!-- beforeClassConfiguration -->
  <system-out/>
  <testcase classname="contact.CreateContactTest" name="CreatingContactwithLeadSource" time="0.000">
    <skipped/>
  </testcase> <!-- CreatingContactwithLeadSource -->
  <system-out/>
  <testcase classname="contact.CreateContactTest" name="CreatingContactwithAssignedToAdministratorTest" time="0.000">
    <skipped/>
  </testcase> <!-- CreatingContactwithAssignedToAdministratorTest -->
  <system-out/>
  <testcase classname="contact.CreateContactTest" name="CreatingContactwithAssignedToMarketingGroupTest" time="0.000">
    <skipped/>
  </testcase> <!-- CreatingContactwithAssignedToMarketingGroupTest -->
  <system-out/>
  <testcase classname="contact.CreateContactTest" name="CreatingContactwithAssignedToTeamSellingGroupTest" time="0.000">
    <skipped/>
  </testcase> <!-- CreatingContactwithAssignedToTeamSellingGroupTest -->
  <system-out/>
</testsuite> <!-- contact.CreateContactTest -->
