<?xml version="1.0" encoding="UTF-8"?>
<!-- Generated by org.testng.reporters.JUnitReportReporter -->
<testsuite hostname="Kiran" failures="0" tests="1" name="contact.CreateContactTest" time="73.611" errors="0" timestamp="2023-11-28T15:12:11 IST" skipped="0">
  <testcase classname="contact.CreateContactTest" name="CreatingContactwithAssignedToAdministratorTest" time="73.611"/>
  <system-out/>
</testsuite> <!-- contact.CreateContactTest -->
